<?xml version="1.0" encoding="UTF-8"?>
<!-- Generated by org.testng.reporters.JUnitReportReporter -->
<testsuite hostname="Cyrilmaryjo" failures="0" tests="11" name="runner.TestRunner" time="440.955" errors="0" timestamp="2025-02-02T16:13:53 GMT" skipped="0">
  <testcase classname="runner.TestRunner" name="runScenario" time="41.558"/>
  <testcase classname="runner.TestRunner" name="runScenario" time="43.480"/>
  <testcase classname="runner.TestRunner" name="runScenario" time="53.416"/>
  <testcase classname="runner.TestRunner" name="runScenario" time="41.684"/>
  <testcase classname="runner.TestRunner" name="runScenario" time="41.829"/>
  <testcase classname="runner.TestRunner" name="runScenario" time="17.806"/>
  <testcase classname="runner.TestRunner" name="runScenario" time="34.799"/>
  <testcase classname="runner.TestRunner" name="runScenario" time="41.540"/>
  <testcase classname="runner.TestRunner" name="runScenario" time="39.151"/>
  <testcase classname="runner.TestRunner" name="runScenario" time="46.089"/>
  <testcase classname="runner.TestRunner" name="runScenario" time="39.603"/>
</testsuite> <!-- runner.TestRunner -->
