<?xml version="1.0" encoding="UTF-8"?>
<!-- Generated by org.testng.reporters.JUnitReportReporter -->
<testsuite hostname="Cyrilmaryjo" failures="0" tests="11" name="runner.TestRunner" time="105.516" errors="9" timestamp="2025-02-02T10:55:42 GMT" skipped="0">
  <testcase classname="runner.TestRunner" name="runScenario" time="13.041"/>
  <testcase classname="runner.TestRunner" name="runScenario" time="42.736"/>
  <testcase classname="runner.TestRunner" name="runScenario" time="5.141">
    <error message="no such window: target window already closed
from unknown error: web view not found
  (Session info: chrome=132.0.6834.160)
Build info: version: &#039;4.11.0&#039;, revision: &#039;040bc5406b&#039;
System info: os.name: &#039;Windows 11&#039;, os.arch: &#039;amd64&#039;, os.version: &#039;10.0&#039;, java.version: &#039;11.0.25&#039;
Driver info: org.openqa.selenium.chrome.ChromeDriver
Command: [33ed3e05b4c4bd1fe6fba8849d34cda6, findElement {using=id, value=nhsuk-cookie-banner__link_accept_analytics}]
Capabilities {acceptInsecureCerts: false, browserName: chrome, browserVersion: 132.0.6834.160, chrome: {chromedriverVersion: 132.0.6834.159 (2d77d3fc445..., userDataDir: C:\WINDOWS\SystemTemp\scope...}, fedcm:accounts: true, goog:chromeOptions: {debuggerAddress: localhost:62419}, networkConnectionEnabled: false, pageLoadStrategy: normal, platformName: windows, proxy: Proxy(), se:cdp: ws://localhost:62419/devtoo..., se:cdpVersion: 132.0.6834.160, setWindowRect: true, strictFileInteractability: false, timeouts: {implicit: 0, pageLoad: 300000, script: 30000}, unhandledPromptBehavior: dismiss and notify, webauthn:extension:credBlob: true, webauthn:extension:largeBlob: true, webauthn:extension:minPinLength: true, webauthn:extension:prf: true, webauthn:virtualAuthenticators: true}
Session ID: 33ed3e05b4c4bd1fe6fba8849d34cda6" type="org.openqa.selenium.NoSuchWindowException">
      <![CDATA[org.openqa.selenium.NoSuchWindowException: no such window: target window already closed
from unknown error: web view not found
  (Session info: chrome=132.0.6834.160)
Build info: version: '4.11.0', revision: '040bc5406b'
System info: os.name: 'Windows 11', os.arch: 'amd64', os.version: '10.0', java.version: '11.0.25'
Driver info: org.openqa.selenium.chrome.ChromeDriver
Command: [33ed3e05b4c4bd1fe6fba8849d34cda6, findElement {using=id, value=nhsuk-cookie-banner__link_accept_analytics}]
Capabilities {acceptInsecureCerts: false, browserName: chrome, browserVersion: 132.0.6834.160, chrome: {chromedriverVersion: 132.0.6834.159 (2d77d3fc445..., userDataDir: C:\WINDOWS\SystemTemp\scope...}, fedcm:accounts: true, goog:chromeOptions: {debuggerAddress: localhost:62419}, networkConnectionEnabled: false, pageLoadStrategy: normal, platformName: windows, proxy: Proxy(), se:cdp: ws://localhost:62419/devtoo..., se:cdpVersion: 132.0.6834.160, setWindowRect: true, strictFileInteractability: false, timeouts: {implicit: 0, pageLoad: 300000, script: 30000}, unhandledPromptBehavior: dismiss and notify, webauthn:extension:credBlob: true, webauthn:extension:largeBlob: true, webauthn:extension:minPinLength: true, webauthn:extension:prf: true, webauthn:virtualAuthenticators: true}
Session ID: 33ed3e05b4c4bd1fe6fba8849d34cda6
at java.base/jdk.internal.reflect.NativeConstructorAccessorImpl.newInstance0(Native Method)
at java.base/jdk.internal.reflect.NativeConstructorAccessorImpl.newInstance(NativeConstructorAccessorImpl.java:62)
at java.base/jdk.internal.reflect.DelegatingConstructorAccessorImpl.newInstance(DelegatingConstructorAccessorImpl.java:45)
at java.base/java.lang.reflect.Constructor.newInstance(Constructor.java:490)
at org.openqa.selenium.remote.codec.w3c.W3CHttpResponseCodec.createException(W3CHttpResponseCodec.java:200)
at org.openqa.selenium.remote.codec.w3c.W3CHttpResponseCodec.decode(W3CHttpResponseCodec.java:133)
at org.openqa.selenium.remote.codec.w3c.W3CHttpResponseCodec.decode(W3CHttpResponseCodec.java:52)
at org.openqa.selenium.remote.HttpCommandExecutor.execute(HttpCommandExecutor.java:191)
at org.openqa.selenium.remote.service.DriverCommandExecutor.invokeExecute(DriverCommandExecutor.java:196)
at org.openqa.selenium.remote.service.DriverCommandExecutor.execute(DriverCommandExecutor.java:171)
at org.openqa.selenium.remote.RemoteWebDriver.execute(RemoteWebDriver.java:518)
at org.openqa.selenium.remote.ElementLocation$ElementFinder$2.findElement(ElementLocation.java:165)
at org.openqa.selenium.remote.ElementLocation.findElement(ElementLocation.java:66)
at org.openqa.selenium.remote.RemoteWebDriver.findElement(RemoteWebDriver.java:355)
at org.openqa.selenium.remote.RemoteWebDriver.findElement(RemoteWebDriver.java:349)
at pages.NHScostsonlinePages.acceptCookies(NHScostsonlinePages.java:47)
at stepdefinitions.NHScostsonlineSteps.i_am_a_citizen_of_the_uk(NHScostsonlineSteps.java:68)
at ✽.I am a citizen of the UK(file:///C:/Users/cyril/eclipse-workspace/NHSBSAtest/src/test/resources/Features/NHScostsonline.feature:26)
]]>
    </error>
  </testcase> <!-- runScenario -->
  <testcase classname="runner.TestRunner" name="runScenario" time="4.399">
    <error message="no such window: target window already closed
from unknown error: web view not found
  (Session info: chrome=132.0.6834.160)
Build info: version: &#039;4.11.0&#039;, revision: &#039;040bc5406b&#039;
System info: os.name: &#039;Windows 11&#039;, os.arch: &#039;amd64&#039;, os.version: &#039;10.0&#039;, java.version: &#039;11.0.25&#039;
Driver info: org.openqa.selenium.chrome.ChromeDriver
Command: [81eb1cf693f94576ab317a5854f70e96, findElement {using=id, value=nhsuk-cookie-banner__link_accept_analytics}]
Capabilities {acceptInsecureCerts: false, browserName: chrome, browserVersion: 132.0.6834.160, chrome: {chromedriverVersion: 132.0.6834.159 (2d77d3fc445..., userDataDir: C:\WINDOWS\SystemTemp\scope...}, fedcm:accounts: true, goog:chromeOptions: {debuggerAddress: localhost:62479}, networkConnectionEnabled: false, pageLoadStrategy: normal, platformName: windows, proxy: Proxy(), se:cdp: ws://localhost:62479/devtoo..., se:cdpVersion: 132.0.6834.160, setWindowRect: true, strictFileInteractability: false, timeouts: {implicit: 0, pageLoad: 300000, script: 30000}, unhandledPromptBehavior: dismiss and notify, webauthn:extension:credBlob: true, webauthn:extension:largeBlob: true, webauthn:extension:minPinLength: true, webauthn:extension:prf: true, webauthn:virtualAuthenticators: true}
Session ID: 81eb1cf693f94576ab317a5854f70e96" type="org.openqa.selenium.NoSuchWindowException">
      <![CDATA[org.openqa.selenium.NoSuchWindowException: no such window: target window already closed
from unknown error: web view not found
  (Session info: chrome=132.0.6834.160)
Build info: version: '4.11.0', revision: '040bc5406b'
System info: os.name: 'Windows 11', os.arch: 'amd64', os.version: '10.0', java.version: '11.0.25'
Driver info: org.openqa.selenium.chrome.ChromeDriver
Command: [81eb1cf693f94576ab317a5854f70e96, findElement {using=id, value=nhsuk-cookie-banner__link_accept_analytics}]
Capabilities {acceptInsecureCerts: false, browserName: chrome, browserVersion: 132.0.6834.160, chrome: {chromedriverVersion: 132.0.6834.159 (2d77d3fc445..., userDataDir: C:\WINDOWS\SystemTemp\scope...}, fedcm:accounts: true, goog:chromeOptions: {debuggerAddress: localhost:62479}, networkConnectionEnabled: false, pageLoadStrategy: normal, platformName: windows, proxy: Proxy(), se:cdp: ws://localhost:62479/devtoo..., se:cdpVersion: 132.0.6834.160, setWindowRect: true, strictFileInteractability: false, timeouts: {implicit: 0, pageLoad: 300000, script: 30000}, unhandledPromptBehavior: dismiss and notify, webauthn:extension:credBlob: true, webauthn:extension:largeBlob: true, webauthn:extension:minPinLength: true, webauthn:extension:prf: true, webauthn:virtualAuthenticators: true}
Session ID: 81eb1cf693f94576ab317a5854f70e96
at java.base/jdk.internal.reflect.NativeConstructorAccessorImpl.newInstance0(Native Method)
at java.base/jdk.internal.reflect.NativeConstructorAccessorImpl.newInstance(NativeConstructorAccessorImpl.java:62)
at java.base/jdk.internal.reflect.DelegatingConstructorAccessorImpl.newInstance(DelegatingConstructorAccessorImpl.java:45)
at java.base/java.lang.reflect.Constructor.newInstance(Constructor.java:490)
at org.openqa.selenium.remote.codec.w3c.W3CHttpResponseCodec.createException(W3CHttpResponseCodec.java:200)
at org.openqa.selenium.remote.codec.w3c.W3CHttpResponseCodec.decode(W3CHttpResponseCodec.java:133)
at org.openqa.selenium.remote.codec.w3c.W3CHttpResponseCodec.decode(W3CHttpResponseCodec.java:52)
at org.openqa.selenium.remote.HttpCommandExecutor.execute(HttpCommandExecutor.java:191)
at org.openqa.selenium.remote.service.DriverCommandExecutor.invokeExecute(DriverCommandExecutor.java:196)
at org.openqa.selenium.remote.service.DriverCommandExecutor.execute(DriverCommandExecutor.java:171)
at org.openqa.selenium.remote.RemoteWebDriver.execute(RemoteWebDriver.java:518)
at org.openqa.selenium.remote.ElementLocation$ElementFinder$2.findElement(ElementLocation.java:165)
at org.openqa.selenium.remote.ElementLocation.findElement(ElementLocation.java:66)
at org.openqa.selenium.remote.RemoteWebDriver.findElement(RemoteWebDriver.java:355)
at org.openqa.selenium.remote.RemoteWebDriver.findElement(RemoteWebDriver.java:349)
at pages.NHScostsonlinePages.acceptCookies(NHScostsonlinePages.java:47)
at stepdefinitions.NHScostsonlineSteps.i_am_a_citizen_of_the_uk(NHScostsonlineSteps.java:68)
at ✽.I am a citizen of the UK(file:///C:/Users/cyril/eclipse-workspace/NHSBSAtest/src/test/resources/Features/NHScostsonline.feature:52)
]]>
    </error>
  </testcase> <!-- runScenario -->
  <testcase classname="runner.TestRunner" name="runScenario" time="4.359">
    <error message="no such window: target window already closed
from unknown error: web view not found
  (Session info: chrome=132.0.6834.160)
Build info: version: &#039;4.11.0&#039;, revision: &#039;040bc5406b&#039;
System info: os.name: &#039;Windows 11&#039;, os.arch: &#039;amd64&#039;, os.version: &#039;10.0&#039;, java.version: &#039;11.0.25&#039;
Driver info: org.openqa.selenium.chrome.ChromeDriver
Command: [3cfe5271ea581723358dadaca32cb724, findElement {using=id, value=nhsuk-cookie-banner__link_accept_analytics}]
Capabilities {acceptInsecureCerts: false, browserName: chrome, browserVersion: 132.0.6834.160, chrome: {chromedriverVersion: 132.0.6834.159 (2d77d3fc445..., userDataDir: C:\WINDOWS\SystemTemp\scope...}, fedcm:accounts: true, goog:chromeOptions: {debuggerAddress: localhost:62458}, networkConnectionEnabled: false, pageLoadStrategy: normal, platformName: windows, proxy: Proxy(), se:cdp: ws://localhost:62458/devtoo..., se:cdpVersion: 132.0.6834.160, setWindowRect: true, strictFileInteractability: false, timeouts: {implicit: 0, pageLoad: 300000, script: 30000}, unhandledPromptBehavior: dismiss and notify, webauthn:extension:credBlob: true, webauthn:extension:largeBlob: true, webauthn:extension:minPinLength: true, webauthn:extension:prf: true, webauthn:virtualAuthenticators: true}
Session ID: 3cfe5271ea581723358dadaca32cb724" type="org.openqa.selenium.NoSuchWindowException">
      <![CDATA[org.openqa.selenium.NoSuchWindowException: no such window: target window already closed
from unknown error: web view not found
  (Session info: chrome=132.0.6834.160)
Build info: version: '4.11.0', revision: '040bc5406b'
System info: os.name: 'Windows 11', os.arch: 'amd64', os.version: '10.0', java.version: '11.0.25'
Driver info: org.openqa.selenium.chrome.ChromeDriver
Command: [3cfe5271ea581723358dadaca32cb724, findElement {using=id, value=nhsuk-cookie-banner__link_accept_analytics}]
Capabilities {acceptInsecureCerts: false, browserName: chrome, browserVersion: 132.0.6834.160, chrome: {chromedriverVersion: 132.0.6834.159 (2d77d3fc445..., userDataDir: C:\WINDOWS\SystemTemp\scope...}, fedcm:accounts: true, goog:chromeOptions: {debuggerAddress: localhost:62458}, networkConnectionEnabled: false, pageLoadStrategy: normal, platformName: windows, proxy: Proxy(), se:cdp: ws://localhost:62458/devtoo..., se:cdpVersion: 132.0.6834.160, setWindowRect: true, strictFileInteractability: false, timeouts: {implicit: 0, pageLoad: 300000, script: 30000}, unhandledPromptBehavior: dismiss and notify, webauthn:extension:credBlob: true, webauthn:extension:largeBlob: true, webauthn:extension:minPinLength: true, webauthn:extension:prf: true, webauthn:virtualAuthenticators: true}
Session ID: 3cfe5271ea581723358dadaca32cb724
at java.base/jdk.internal.reflect.NativeConstructorAccessorImpl.newInstance0(Native Method)
at java.base/jdk.internal.reflect.NativeConstructorAccessorImpl.newInstance(NativeConstructorAccessorImpl.java:62)
at java.base/jdk.internal.reflect.DelegatingConstructorAccessorImpl.newInstance(DelegatingConstructorAccessorImpl.java:45)
at java.base/java.lang.reflect.Constructor.newInstance(Constructor.java:490)
at org.openqa.selenium.remote.codec.w3c.W3CHttpResponseCodec.createException(W3CHttpResponseCodec.java:200)
at org.openqa.selenium.remote.codec.w3c.W3CHttpResponseCodec.decode(W3CHttpResponseCodec.java:133)
at org.openqa.selenium.remote.codec.w3c.W3CHttpResponseCodec.decode(W3CHttpResponseCodec.java:52)
at org.openqa.selenium.remote.HttpCommandExecutor.execute(HttpCommandExecutor.java:191)
at org.openqa.selenium.remote.service.DriverCommandExecutor.invokeExecute(DriverCommandExecutor.java:196)
at org.openqa.selenium.remote.service.DriverCommandExecutor.execute(DriverCommandExecutor.java:171)
at org.openqa.selenium.remote.RemoteWebDriver.execute(RemoteWebDriver.java:518)
at org.openqa.selenium.remote.ElementLocation$ElementFinder$2.findElement(ElementLocation.java:165)
at org.openqa.selenium.remote.ElementLocation.findElement(ElementLocation.java:66)
at org.openqa.selenium.remote.RemoteWebDriver.findElement(RemoteWebDriver.java:355)
at org.openqa.selenium.remote.RemoteWebDriver.findElement(RemoteWebDriver.java:349)
at pages.NHScostsonlinePages.acceptCookies(NHScostsonlinePages.java:47)
at stepdefinitions.NHScostsonlineSteps.i_am_a_citizen_of_the_uk(NHScostsonlineSteps.java:68)
at ✽.I am a citizen of the UK(file:///C:/Users/cyril/eclipse-workspace/NHSBSAtest/src/test/resources/Features/NHScostsonline.feature:26)
]]>
    </error>
  </testcase> <!-- runScenario -->
  <testcase classname="runner.TestRunner" name="runScenario" time="4.363">
    <error message="no such window: target window already closed
from unknown error: web view not found
  (Session info: chrome=132.0.6834.160)
Build info: version: &#039;4.11.0&#039;, revision: &#039;040bc5406b&#039;
System info: os.name: &#039;Windows 11&#039;, os.arch: &#039;amd64&#039;, os.version: &#039;10.0&#039;, java.version: &#039;11.0.25&#039;
Driver info: org.openqa.selenium.chrome.ChromeDriver
Command: [81ac07a3dbd793895a04e7be73324187, findElement {using=id, value=nhsuk-cookie-banner__link_accept_analytics}]
Capabilities {acceptInsecureCerts: false, browserName: chrome, browserVersion: 132.0.6834.160, chrome: {chromedriverVersion: 132.0.6834.159 (2d77d3fc445..., userDataDir: C:\WINDOWS\SystemTemp\scope...}, fedcm:accounts: true, goog:chromeOptions: {debuggerAddress: localhost:62522}, networkConnectionEnabled: false, pageLoadStrategy: normal, platformName: windows, proxy: Proxy(), se:cdp: ws://localhost:62522/devtoo..., se:cdpVersion: 132.0.6834.160, setWindowRect: true, strictFileInteractability: false, timeouts: {implicit: 0, pageLoad: 300000, script: 30000}, unhandledPromptBehavior: dismiss and notify, webauthn:extension:credBlob: true, webauthn:extension:largeBlob: true, webauthn:extension:minPinLength: true, webauthn:extension:prf: true, webauthn:virtualAuthenticators: true}
Session ID: 81ac07a3dbd793895a04e7be73324187" type="org.openqa.selenium.NoSuchWindowException">
      <![CDATA[org.openqa.selenium.NoSuchWindowException: no such window: target window already closed
from unknown error: web view not found
  (Session info: chrome=132.0.6834.160)
Build info: version: '4.11.0', revision: '040bc5406b'
System info: os.name: 'Windows 11', os.arch: 'amd64', os.version: '10.0', java.version: '11.0.25'
Driver info: org.openqa.selenium.chrome.ChromeDriver
Command: [81ac07a3dbd793895a04e7be73324187, findElement {using=id, value=nhsuk-cookie-banner__link_accept_analytics}]
Capabilities {acceptInsecureCerts: false, browserName: chrome, browserVersion: 132.0.6834.160, chrome: {chromedriverVersion: 132.0.6834.159 (2d77d3fc445..., userDataDir: C:\WINDOWS\SystemTemp\scope...}, fedcm:accounts: true, goog:chromeOptions: {debuggerAddress: localhost:62522}, networkConnectionEnabled: false, pageLoadStrategy: normal, platformName: windows, proxy: Proxy(), se:cdp: ws://localhost:62522/devtoo..., se:cdpVersion: 132.0.6834.160, setWindowRect: true, strictFileInteractability: false, timeouts: {implicit: 0, pageLoad: 300000, script: 30000}, unhandledPromptBehavior: dismiss and notify, webauthn:extension:credBlob: true, webauthn:extension:largeBlob: true, webauthn:extension:minPinLength: true, webauthn:extension:prf: true, webauthn:virtualAuthenticators: true}
Session ID: 81ac07a3dbd793895a04e7be73324187
at java.base/jdk.internal.reflect.NativeConstructorAccessorImpl.newInstance0(Native Method)
at java.base/jdk.internal.reflect.NativeConstructorAccessorImpl.newInstance(NativeConstructorAccessorImpl.java:62)
at java.base/jdk.internal.reflect.DelegatingConstructorAccessorImpl.newInstance(DelegatingConstructorAccessorImpl.java:45)
at java.base/java.lang.reflect.Constructor.newInstance(Constructor.java:490)
at org.openqa.selenium.remote.codec.w3c.W3CHttpResponseCodec.createException(W3CHttpResponseCodec.java:200)
at org.openqa.selenium.remote.codec.w3c.W3CHttpResponseCodec.decode(W3CHttpResponseCodec.java:133)
at org.openqa.selenium.remote.codec.w3c.W3CHttpResponseCodec.decode(W3CHttpResponseCodec.java:52)
at org.openqa.selenium.remote.HttpCommandExecutor.execute(HttpCommandExecutor.java:191)
at org.openqa.selenium.remote.service.DriverCommandExecutor.invokeExecute(DriverCommandExecutor.java:196)
at org.openqa.selenium.remote.service.DriverCommandExecutor.execute(DriverCommandExecutor.java:171)
at org.openqa.selenium.remote.RemoteWebDriver.execute(RemoteWebDriver.java:518)
at org.openqa.selenium.remote.ElementLocation$ElementFinder$2.findElement(ElementLocation.java:165)
at org.openqa.selenium.remote.ElementLocation.findElement(ElementLocation.java:66)
at org.openqa.selenium.remote.RemoteWebDriver.findElement(RemoteWebDriver.java:355)
at org.openqa.selenium.remote.RemoteWebDriver.findElement(RemoteWebDriver.java:349)
at pages.NHScostsonlinePages.acceptCookies(NHScostsonlinePages.java:47)
at stepdefinitions.NHScostsonlineSteps.i_am_a_citizen_of_the_uk(NHScostsonlineSteps.java:68)
at ✽.I am a citizen of the UK(file:///C:/Users/cyril/eclipse-workspace/NHSBSAtest/src/test/resources/Features/NHScostsonline.feature:52)
]]>
    </error>
  </testcase> <!-- runScenario -->
  <testcase classname="runner.TestRunner" name="runScenario" time="4.470">
    <error message="no such window: target window already closed
from unknown error: web view not found
  (Session info: chrome=132.0.6834.160)
Build info: version: &#039;4.11.0&#039;, revision: &#039;040bc5406b&#039;
System info: os.name: &#039;Windows 11&#039;, os.arch: &#039;amd64&#039;, os.version: &#039;10.0&#039;, java.version: &#039;11.0.25&#039;
Driver info: org.openqa.selenium.chrome.ChromeDriver
Command: [04cd3b7d97b7ef2d12301bfe6df6cf39, findElement {using=id, value=nhsuk-cookie-banner__link_accept_analytics}]
Capabilities {acceptInsecureCerts: false, browserName: chrome, browserVersion: 132.0.6834.160, chrome: {chromedriverVersion: 132.0.6834.159 (2d77d3fc445..., userDataDir: C:\WINDOWS\SystemTemp\scope...}, fedcm:accounts: true, goog:chromeOptions: {debuggerAddress: localhost:62437}, networkConnectionEnabled: false, pageLoadStrategy: normal, platformName: windows, proxy: Proxy(), se:cdp: ws://localhost:62437/devtoo..., se:cdpVersion: 132.0.6834.160, setWindowRect: true, strictFileInteractability: false, timeouts: {implicit: 0, pageLoad: 300000, script: 30000}, unhandledPromptBehavior: dismiss and notify, webauthn:extension:credBlob: true, webauthn:extension:largeBlob: true, webauthn:extension:minPinLength: true, webauthn:extension:prf: true, webauthn:virtualAuthenticators: true}
Session ID: 04cd3b7d97b7ef2d12301bfe6df6cf39" type="org.openqa.selenium.NoSuchWindowException">
      <![CDATA[org.openqa.selenium.NoSuchWindowException: no such window: target window already closed
from unknown error: web view not found
  (Session info: chrome=132.0.6834.160)
Build info: version: '4.11.0', revision: '040bc5406b'
System info: os.name: 'Windows 11', os.arch: 'amd64', os.version: '10.0', java.version: '11.0.25'
Driver info: org.openqa.selenium.chrome.ChromeDriver
Command: [04cd3b7d97b7ef2d12301bfe6df6cf39, findElement {using=id, value=nhsuk-cookie-banner__link_accept_analytics}]
Capabilities {acceptInsecureCerts: false, browserName: chrome, browserVersion: 132.0.6834.160, chrome: {chromedriverVersion: 132.0.6834.159 (2d77d3fc445..., userDataDir: C:\WINDOWS\SystemTemp\scope...}, fedcm:accounts: true, goog:chromeOptions: {debuggerAddress: localhost:62437}, networkConnectionEnabled: false, pageLoadStrategy: normal, platformName: windows, proxy: Proxy(), se:cdp: ws://localhost:62437/devtoo..., se:cdpVersion: 132.0.6834.160, setWindowRect: true, strictFileInteractability: false, timeouts: {implicit: 0, pageLoad: 300000, script: 30000}, unhandledPromptBehavior: dismiss and notify, webauthn:extension:credBlob: true, webauthn:extension:largeBlob: true, webauthn:extension:minPinLength: true, webauthn:extension:prf: true, webauthn:virtualAuthenticators: true}
Session ID: 04cd3b7d97b7ef2d12301bfe6df6cf39
at java.base/jdk.internal.reflect.NativeConstructorAccessorImpl.newInstance0(Native Method)
at java.base/jdk.internal.reflect.NativeConstructorAccessorImpl.newInstance(NativeConstructorAccessorImpl.java:62)
at java.base/jdk.internal.reflect.DelegatingConstructorAccessorImpl.newInstance(DelegatingConstructorAccessorImpl.java:45)
at java.base/java.lang.reflect.Constructor.newInstance(Constructor.java:490)
at org.openqa.selenium.remote.codec.w3c.W3CHttpResponseCodec.createException(W3CHttpResponseCodec.java:200)
at org.openqa.selenium.remote.codec.w3c.W3CHttpResponseCodec.decode(W3CHttpResponseCodec.java:133)
at org.openqa.selenium.remote.codec.w3c.W3CHttpResponseCodec.decode(W3CHttpResponseCodec.java:52)
at org.openqa.selenium.remote.HttpCommandExecutor.execute(HttpCommandExecutor.java:191)
at org.openqa.selenium.remote.service.DriverCommandExecutor.invokeExecute(DriverCommandExecutor.java:196)
at org.openqa.selenium.remote.service.DriverCommandExecutor.execute(DriverCommandExecutor.java:171)
at org.openqa.selenium.remote.RemoteWebDriver.execute(RemoteWebDriver.java:518)
at org.openqa.selenium.remote.ElementLocation$ElementFinder$2.findElement(ElementLocation.java:165)
at org.openqa.selenium.remote.ElementLocation.findElement(ElementLocation.java:66)
at org.openqa.selenium.remote.RemoteWebDriver.findElement(RemoteWebDriver.java:355)
at org.openqa.selenium.remote.RemoteWebDriver.findElement(RemoteWebDriver.java:349)
at pages.NHScostsonlinePages.acceptCookies(NHScostsonlinePages.java:47)
at stepdefinitions.NHScostsonlineSteps.i_am_a_citizen_of_the_uk(NHScostsonlineSteps.java:68)
at ✽.I am a citizen of the UK(file:///C:/Users/cyril/eclipse-workspace/NHSBSAtest/src/test/resources/Features/NHScostsonline.feature:26)
]]>
    </error>
  </testcase> <!-- runScenario -->
  <testcase classname="runner.TestRunner" name="runScenario" time="4.352">
    <error message="no such window: target window already closed
from unknown error: web view not found
  (Session info: chrome=132.0.6834.160)
Build info: version: &#039;4.11.0&#039;, revision: &#039;040bc5406b&#039;
System info: os.name: &#039;Windows 11&#039;, os.arch: &#039;amd64&#039;, os.version: &#039;10.0&#039;, java.version: &#039;11.0.25&#039;
Driver info: org.openqa.selenium.chrome.ChromeDriver
Command: [c393146c761c9ea3ea00e275161b81db, findElement {using=id, value=nhsuk-cookie-banner__link_accept_analytics}]
Capabilities {acceptInsecureCerts: false, browserName: chrome, browserVersion: 132.0.6834.160, chrome: {chromedriverVersion: 132.0.6834.159 (2d77d3fc445..., userDataDir: C:\WINDOWS\SystemTemp\scope...}, fedcm:accounts: true, goog:chromeOptions: {debuggerAddress: localhost:62501}, networkConnectionEnabled: false, pageLoadStrategy: normal, platformName: windows, proxy: Proxy(), se:cdp: ws://localhost:62501/devtoo..., se:cdpVersion: 132.0.6834.160, setWindowRect: true, strictFileInteractability: false, timeouts: {implicit: 0, pageLoad: 300000, script: 30000}, unhandledPromptBehavior: dismiss and notify, webauthn:extension:credBlob: true, webauthn:extension:largeBlob: true, webauthn:extension:minPinLength: true, webauthn:extension:prf: true, webauthn:virtualAuthenticators: true}
Session ID: c393146c761c9ea3ea00e275161b81db" type="org.openqa.selenium.NoSuchWindowException">
      <![CDATA[org.openqa.selenium.NoSuchWindowException: no such window: target window already closed
from unknown error: web view not found
  (Session info: chrome=132.0.6834.160)
Build info: version: '4.11.0', revision: '040bc5406b'
System info: os.name: 'Windows 11', os.arch: 'amd64', os.version: '10.0', java.version: '11.0.25'
Driver info: org.openqa.selenium.chrome.ChromeDriver
Command: [c393146c761c9ea3ea00e275161b81db, findElement {using=id, value=nhsuk-cookie-banner__link_accept_analytics}]
Capabilities {acceptInsecureCerts: false, browserName: chrome, browserVersion: 132.0.6834.160, chrome: {chromedriverVersion: 132.0.6834.159 (2d77d3fc445..., userDataDir: C:\WINDOWS\SystemTemp\scope...}, fedcm:accounts: true, goog:chromeOptions: {debuggerAddress: localhost:62501}, networkConnectionEnabled: false, pageLoadStrategy: normal, platformName: windows, proxy: Proxy(), se:cdp: ws://localhost:62501/devtoo..., se:cdpVersion: 132.0.6834.160, setWindowRect: true, strictFileInteractability: false, timeouts: {implicit: 0, pageLoad: 300000, script: 30000}, unhandledPromptBehavior: dismiss and notify, webauthn:extension:credBlob: true, webauthn:extension:largeBlob: true, webauthn:extension:minPinLength: true, webauthn:extension:prf: true, webauthn:virtualAuthenticators: true}
Session ID: c393146c761c9ea3ea00e275161b81db
at java.base/jdk.internal.reflect.NativeConstructorAccessorImpl.newInstance0(Native Method)
at java.base/jdk.internal.reflect.NativeConstructorAccessorImpl.newInstance(NativeConstructorAccessorImpl.java:62)
at java.base/jdk.internal.reflect.DelegatingConstructorAccessorImpl.newInstance(DelegatingConstructorAccessorImpl.java:45)
at java.base/java.lang.reflect.Constructor.newInstance(Constructor.java:490)
at org.openqa.selenium.remote.codec.w3c.W3CHttpResponseCodec.createException(W3CHttpResponseCodec.java:200)
at org.openqa.selenium.remote.codec.w3c.W3CHttpResponseCodec.decode(W3CHttpResponseCodec.java:133)
at org.openqa.selenium.remote.codec.w3c.W3CHttpResponseCodec.decode(W3CHttpResponseCodec.java:52)
at org.openqa.selenium.remote.HttpCommandExecutor.execute(HttpCommandExecutor.java:191)
at org.openqa.selenium.remote.service.DriverCommandExecutor.invokeExecute(DriverCommandExecutor.java:196)
at org.openqa.selenium.remote.service.DriverCommandExecutor.execute(DriverCommandExecutor.java:171)
at org.openqa.selenium.remote.RemoteWebDriver.execute(RemoteWebDriver.java:518)
at org.openqa.selenium.remote.ElementLocation$ElementFinder$2.findElement(ElementLocation.java:165)
at org.openqa.selenium.remote.ElementLocation.findElement(ElementLocation.java:66)
at org.openqa.selenium.remote.RemoteWebDriver.findElement(RemoteWebDriver.java:355)
at org.openqa.selenium.remote.RemoteWebDriver.findElement(RemoteWebDriver.java:349)
at pages.NHScostsonlinePages.acceptCookies(NHScostsonlinePages.java:47)
at stepdefinitions.NHScostsonlineSteps.i_am_a_citizen_of_the_uk(NHScostsonlineSteps.java:68)
at ✽.I am a citizen of the UK(file:///C:/Users/cyril/eclipse-workspace/NHSBSAtest/src/test/resources/Features/NHScostsonline.feature:52)
]]>
    </error>
  </testcase> <!-- runScenario -->
  <testcase classname="runner.TestRunner" name="runScenario" time="9.550">
    <error message="no such window: target window already closed
from unknown error: web view not found
  (Session info: MicrosoftEdge=132.0.2957.140)
Build info: version: &#039;4.11.0&#039;, revision: &#039;040bc5406b&#039;
System info: os.name: &#039;Windows 11&#039;, os.arch: &#039;amd64&#039;, os.version: &#039;10.0&#039;, java.version: &#039;11.0.25&#039;
Driver info: org.openqa.selenium.edge.EdgeDriver
Command: [473c631dc8f3899a86c0e61c463bb810, findElement {using=id, value=nhsuk-cookie-banner__link_accept_analytics}]
Capabilities {acceptInsecureCerts: false, browserName: MicrosoftEdge, browserVersion: 132.0.2957.140, fedcm:accounts: true, ms:edgeOptions: {debuggerAddress: localhost:62630}, msedge: {msedgedriverVersion: 132.0.2957.140 (a81e27b375d..., userDataDir: C:\WINDOWS\SystemTemp\scope...}, networkConnectionEnabled: false, pageLoadStrategy: normal, platformName: windows, proxy: Proxy(), se:cdp: ws://localhost:62630/devtoo..., se:cdpVersion: 132.0.2957.140, setWindowRect: true, strictFileInteractability: false, timeouts: {implicit: 0, pageLoad: 300000, script: 30000}, unhandledPromptBehavior: dismiss and notify, webauthn:extension:credBlob: true, webauthn:extension:largeBlob: true, webauthn:extension:minPinLength: true, webauthn:extension:prf: true, webauthn:virtualAuthenticators: true}
Session ID: 473c631dc8f3899a86c0e61c463bb810" type="org.openqa.selenium.NoSuchWindowException">
      <![CDATA[org.openqa.selenium.NoSuchWindowException: no such window: target window already closed
from unknown error: web view not found
  (Session info: MicrosoftEdge=132.0.2957.140)
Build info: version: '4.11.0', revision: '040bc5406b'
System info: os.name: 'Windows 11', os.arch: 'amd64', os.version: '10.0', java.version: '11.0.25'
Driver info: org.openqa.selenium.edge.EdgeDriver
Command: [473c631dc8f3899a86c0e61c463bb810, findElement {using=id, value=nhsuk-cookie-banner__link_accept_analytics}]
Capabilities {acceptInsecureCerts: false, browserName: MicrosoftEdge, browserVersion: 132.0.2957.140, fedcm:accounts: true, ms:edgeOptions: {debuggerAddress: localhost:62630}, msedge: {msedgedriverVersion: 132.0.2957.140 (a81e27b375d..., userDataDir: C:\WINDOWS\SystemTemp\scope...}, networkConnectionEnabled: false, pageLoadStrategy: normal, platformName: windows, proxy: Proxy(), se:cdp: ws://localhost:62630/devtoo..., se:cdpVersion: 132.0.2957.140, setWindowRect: true, strictFileInteractability: false, timeouts: {implicit: 0, pageLoad: 300000, script: 30000}, unhandledPromptBehavior: dismiss and notify, webauthn:extension:credBlob: true, webauthn:extension:largeBlob: true, webauthn:extension:minPinLength: true, webauthn:extension:prf: true, webauthn:virtualAuthenticators: true}
Session ID: 473c631dc8f3899a86c0e61c463bb810
at java.base/jdk.internal.reflect.NativeConstructorAccessorImpl.newInstance0(Native Method)
at java.base/jdk.internal.reflect.NativeConstructorAccessorImpl.newInstance(NativeConstructorAccessorImpl.java:62)
at java.base/jdk.internal.reflect.DelegatingConstructorAccessorImpl.newInstance(DelegatingConstructorAccessorImpl.java:45)
at java.base/java.lang.reflect.Constructor.newInstance(Constructor.java:490)
at org.openqa.selenium.remote.codec.w3c.W3CHttpResponseCodec.createException(W3CHttpResponseCodec.java:200)
at org.openqa.selenium.remote.codec.w3c.W3CHttpResponseCodec.decode(W3CHttpResponseCodec.java:133)
at org.openqa.selenium.remote.codec.w3c.W3CHttpResponseCodec.decode(W3CHttpResponseCodec.java:52)
at org.openqa.selenium.remote.HttpCommandExecutor.execute(HttpCommandExecutor.java:191)
at org.openqa.selenium.remote.service.DriverCommandExecutor.invokeExecute(DriverCommandExecutor.java:196)
at org.openqa.selenium.remote.service.DriverCommandExecutor.execute(DriverCommandExecutor.java:171)
at org.openqa.selenium.remote.RemoteWebDriver.execute(RemoteWebDriver.java:518)
at org.openqa.selenium.remote.ElementLocation$ElementFinder$2.findElement(ElementLocation.java:165)
at org.openqa.selenium.remote.ElementLocation.findElement(ElementLocation.java:66)
at org.openqa.selenium.remote.RemoteWebDriver.findElement(RemoteWebDriver.java:355)
at org.openqa.selenium.remote.RemoteWebDriver.findElement(RemoteWebDriver.java:349)
at pages.NHScostsonlinePages.acceptCookies(NHScostsonlinePages.java:47)
at stepdefinitions.NHScostsonlineSteps.i_am_a_citizen_of_the_uk(NHScostsonlineSteps.java:68)
at ✽.I am a citizen of the UK(file:///C:/Users/cyril/eclipse-workspace/NHSBSAtest/src/test/resources/Features/NHScostsonline.feature:81)
]]>
    </error>
  </testcase> <!-- runScenario -->
  <testcase classname="runner.TestRunner" name="runScenario" time="8.707">
    <error message="no such window: target window already closed
from unknown error: web view not found
  (Session info: chrome=132.0.6834.160)
Build info: version: &#039;4.11.0&#039;, revision: &#039;040bc5406b&#039;
System info: os.name: &#039;Windows 11&#039;, os.arch: &#039;amd64&#039;, os.version: &#039;10.0&#039;, java.version: &#039;11.0.25&#039;
Driver info: org.openqa.selenium.chrome.ChromeDriver
Command: [549592a63fb5c9fa841a2e17a2dd3279, findElement {using=id, value=nhsuk-cookie-banner__link_accept_analytics}]
Capabilities {acceptInsecureCerts: false, browserName: chrome, browserVersion: 132.0.6834.160, chrome: {chromedriverVersion: 132.0.6834.159 (2d77d3fc445..., userDataDir: C:\WINDOWS\SystemTemp\scope...}, fedcm:accounts: true, goog:chromeOptions: {debuggerAddress: localhost:62586}, networkConnectionEnabled: false, pageLoadStrategy: normal, platformName: windows, proxy: Proxy(), se:cdp: ws://localhost:62586/devtoo..., se:cdpVersion: 132.0.6834.160, setWindowRect: true, strictFileInteractability: false, timeouts: {implicit: 0, pageLoad: 300000, script: 30000}, unhandledPromptBehavior: dismiss and notify, webauthn:extension:credBlob: true, webauthn:extension:largeBlob: true, webauthn:extension:minPinLength: true, webauthn:extension:prf: true, webauthn:virtualAuthenticators: true}
Session ID: 549592a63fb5c9fa841a2e17a2dd3279" type="org.openqa.selenium.NoSuchWindowException">
      <![CDATA[org.openqa.selenium.NoSuchWindowException: no such window: target window already closed
from unknown error: web view not found
  (Session info: chrome=132.0.6834.160)
Build info: version: '4.11.0', revision: '040bc5406b'
System info: os.name: 'Windows 11', os.arch: 'amd64', os.version: '10.0', java.version: '11.0.25'
Driver info: org.openqa.selenium.chrome.ChromeDriver
Command: [549592a63fb5c9fa841a2e17a2dd3279, findElement {using=id, value=nhsuk-cookie-banner__link_accept_analytics}]
Capabilities {acceptInsecureCerts: false, browserName: chrome, browserVersion: 132.0.6834.160, chrome: {chromedriverVersion: 132.0.6834.159 (2d77d3fc445..., userDataDir: C:\WINDOWS\SystemTemp\scope...}, fedcm:accounts: true, goog:chromeOptions: {debuggerAddress: localhost:62586}, networkConnectionEnabled: false, pageLoadStrategy: normal, platformName: windows, proxy: Proxy(), se:cdp: ws://localhost:62586/devtoo..., se:cdpVersion: 132.0.6834.160, setWindowRect: true, strictFileInteractability: false, timeouts: {implicit: 0, pageLoad: 300000, script: 30000}, unhandledPromptBehavior: dismiss and notify, webauthn:extension:credBlob: true, webauthn:extension:largeBlob: true, webauthn:extension:minPinLength: true, webauthn:extension:prf: true, webauthn:virtualAuthenticators: true}
Session ID: 549592a63fb5c9fa841a2e17a2dd3279
at java.base/jdk.internal.reflect.NativeConstructorAccessorImpl.newInstance0(Native Method)
at java.base/jdk.internal.reflect.NativeConstructorAccessorImpl.newInstance(NativeConstructorAccessorImpl.java:62)
at java.base/jdk.internal.reflect.DelegatingConstructorAccessorImpl.newInstance(DelegatingConstructorAccessorImpl.java:45)
at java.base/java.lang.reflect.Constructor.newInstance(Constructor.java:490)
at org.openqa.selenium.remote.codec.w3c.W3CHttpResponseCodec.createException(W3CHttpResponseCodec.java:200)
at org.openqa.selenium.remote.codec.w3c.W3CHttpResponseCodec.decode(W3CHttpResponseCodec.java:133)
at org.openqa.selenium.remote.codec.w3c.W3CHttpResponseCodec.decode(W3CHttpResponseCodec.java:52)
at org.openqa.selenium.remote.HttpCommandExecutor.execute(HttpCommandExecutor.java:191)
at org.openqa.selenium.remote.service.DriverCommandExecutor.invokeExecute(DriverCommandExecutor.java:196)
at org.openqa.selenium.remote.service.DriverCommandExecutor.execute(DriverCommandExecutor.java:171)
at org.openqa.selenium.remote.RemoteWebDriver.execute(RemoteWebDriver.java:518)
at org.openqa.selenium.remote.ElementLocation$ElementFinder$2.findElement(ElementLocation.java:165)
at org.openqa.selenium.remote.ElementLocation.findElement(ElementLocation.java:66)
at org.openqa.selenium.remote.RemoteWebDriver.findElement(RemoteWebDriver.java:355)
at org.openqa.selenium.remote.RemoteWebDriver.findElement(RemoteWebDriver.java:349)
at pages.NHScostsonlinePages.acceptCookies(NHScostsonlinePages.java:47)
at stepdefinitions.NHScostsonlineSteps.i_am_a_citizen_of_the_uk(NHScostsonlineSteps.java:68)
at ✽.I am a citizen of the UK(file:///C:/Users/cyril/eclipse-workspace/NHSBSAtest/src/test/resources/Features/NHScostsonline.feature:81)
]]>
    </error>
  </testcase> <!-- runScenario -->
  <testcase classname="runner.TestRunner" name="runScenario" time="4.398">
    <error message="no such window: target window already closed
from unknown error: web view not found
  (Session info: chrome=132.0.6834.160)
Build info: version: &#039;4.11.0&#039;, revision: &#039;040bc5406b&#039;
System info: os.name: &#039;Windows 11&#039;, os.arch: &#039;amd64&#039;, os.version: &#039;10.0&#039;, java.version: &#039;11.0.25&#039;
Driver info: org.openqa.selenium.chrome.ChromeDriver
Command: [5965f9094b586dab56634c5fa92badc8, findElement {using=id, value=nhsuk-cookie-banner__link_accept_analytics}]
Capabilities {acceptInsecureCerts: false, browserName: chrome, browserVersion: 132.0.6834.160, chrome: {chromedriverVersion: 132.0.6834.159 (2d77d3fc445..., userDataDir: C:\WINDOWS\SystemTemp\scope...}, fedcm:accounts: true, goog:chromeOptions: {debuggerAddress: localhost:62544}, networkConnectionEnabled: false, pageLoadStrategy: normal, platformName: windows, proxy: Proxy(), se:cdp: ws://localhost:62544/devtoo..., se:cdpVersion: 132.0.6834.160, setWindowRect: true, strictFileInteractability: false, timeouts: {implicit: 0, pageLoad: 300000, script: 30000}, unhandledPromptBehavior: dismiss and notify, webauthn:extension:credBlob: true, webauthn:extension:largeBlob: true, webauthn:extension:minPinLength: true, webauthn:extension:prf: true, webauthn:virtualAuthenticators: true}
Session ID: 5965f9094b586dab56634c5fa92badc8" type="org.openqa.selenium.NoSuchWindowException">
      <![CDATA[org.openqa.selenium.NoSuchWindowException: no such window: target window already closed
from unknown error: web view not found
  (Session info: chrome=132.0.6834.160)
Build info: version: '4.11.0', revision: '040bc5406b'
System info: os.name: 'Windows 11', os.arch: 'amd64', os.version: '10.0', java.version: '11.0.25'
Driver info: org.openqa.selenium.chrome.ChromeDriver
Command: [5965f9094b586dab56634c5fa92badc8, findElement {using=id, value=nhsuk-cookie-banner__link_accept_analytics}]
Capabilities {acceptInsecureCerts: false, browserName: chrome, browserVersion: 132.0.6834.160, chrome: {chromedriverVersion: 132.0.6834.159 (2d77d3fc445..., userDataDir: C:\WINDOWS\SystemTemp\scope...}, fedcm:accounts: true, goog:chromeOptions: {debuggerAddress: localhost:62544}, networkConnectionEnabled: false, pageLoadStrategy: normal, platformName: windows, proxy: Proxy(), se:cdp: ws://localhost:62544/devtoo..., se:cdpVersion: 132.0.6834.160, setWindowRect: true, strictFileInteractability: false, timeouts: {implicit: 0, pageLoad: 300000, script: 30000}, unhandledPromptBehavior: dismiss and notify, webauthn:extension:credBlob: true, webauthn:extension:largeBlob: true, webauthn:extension:minPinLength: true, webauthn:extension:prf: true, webauthn:virtualAuthenticators: true}
Session ID: 5965f9094b586dab56634c5fa92badc8
at java.base/jdk.internal.reflect.NativeConstructorAccessorImpl.newInstance0(Native Method)
at java.base/jdk.internal.reflect.NativeConstructorAccessorImpl.newInstance(NativeConstructorAccessorImpl.java:62)
at java.base/jdk.internal.reflect.DelegatingConstructorAccessorImpl.newInstance(DelegatingConstructorAccessorImpl.java:45)
at java.base/java.lang.reflect.Constructor.newInstance(Constructor.java:490)
at org.openqa.selenium.remote.codec.w3c.W3CHttpResponseCodec.createException(W3CHttpResponseCodec.java:200)
at org.openqa.selenium.remote.codec.w3c.W3CHttpResponseCodec.decode(W3CHttpResponseCodec.java:133)
at org.openqa.selenium.remote.codec.w3c.W3CHttpResponseCodec.decode(W3CHttpResponseCodec.java:52)
at org.openqa.selenium.remote.HttpCommandExecutor.execute(HttpCommandExecutor.java:191)
at org.openqa.selenium.remote.service.DriverCommandExecutor.invokeExecute(DriverCommandExecutor.java:196)
at org.openqa.selenium.remote.service.DriverCommandExecutor.execute(DriverCommandExecutor.java:171)
at org.openqa.selenium.remote.RemoteWebDriver.execute(RemoteWebDriver.java:518)
at org.openqa.selenium.remote.ElementLocation$ElementFinder$2.findElement(ElementLocation.java:165)
at org.openqa.selenium.remote.ElementLocation.findElement(ElementLocation.java:66)
at org.openqa.selenium.remote.RemoteWebDriver.findElement(RemoteWebDriver.java:355)
at org.openqa.selenium.remote.RemoteWebDriver.findElement(RemoteWebDriver.java:349)
at pages.NHScostsonlinePages.acceptCookies(NHScostsonlinePages.java:47)
at stepdefinitions.NHScostsonlineSteps.i_am_a_citizen_of_the_uk(NHScostsonlineSteps.java:68)
at ✽.I am a citizen of the UK(file:///C:/Users/cyril/eclipse-workspace/NHSBSAtest/src/test/resources/Features/NHScostsonline.feature:52)
]]>
    </error>
  </testcase> <!-- runScenario -->
</testsuite> <!-- runner.TestRunner -->
