<?xml version="1.0" encoding="UTF-8"?>
<testng-results ignored="0" total="11" passed="11" failed="0" skipped="0">
  <reporter-output>
  </reporter-output>
  <suite started-at="2025-02-02T16:06:31 GMT" name="Default suite" finished-at="2025-02-02T16:13:53 GMT" duration-ms="441612">
    <groups>
      <group name="cucumber">
        <method signature="AbstractTestNGCucumberTests.runScenario(io.cucumber.testng.PickleWrapper,io.cucumber.testng.FeatureWrapper)[pri:0, instance:runner.TestRunner@3af9c5b7]" name="runScenario" class="io.cucumber.testng.AbstractTestNGCucumberTests"/>
      </group> <!-- cucumber -->
    </groups>
    <test started-at="2025-02-02T16:06:31 GMT" name="Default test" finished-at="2025-02-02T16:13:53 GMT" duration-ms="441612">
      <class name="runner.TestRunner">
        <test-method is-config="true" signature="setUpClass(org.testng.ITestContext)[pri:0, instance:runner.TestRunner@3af9c5b7]" started-at="2025-02-02T16:06:31 GMT" name="setUpClass" finished-at="2025-02-02T16:06:32 GMT" duration-ms="580" status="PASS">
          <params>
            <param index="0">
              <value>
                <![CDATA[org.testng.TestRunner@151d216e]]>
              </value>
            </param>
          </params>
          <reporter-output>
          </reporter-output>
        </test-method> <!-- setUpClass -->
        <test-method signature="runScenario(io.cucumber.testng.PickleWrapper,io.cucumber.testng.FeatureWrapper)[pri:0, instance:runner.TestRunner@3af9c5b7]" started-at="2025-02-02T16:06:32 GMT" name="runScenario" description="Runs Cucumber Scenarios" data-provider="scenarios" finished-at="2025-02-02T16:07:15 GMT" duration-ms="43480" status="PASS">
          <params>
            <param index="0">
              <value>
                <![CDATA["Checking eligibility for NHS costs online service help"]]>
              </value>
            </param>
            <param index="1">
              <value>
                <![CDATA["NHS costs online service checker tool"]]>
              </value>
            </param>
          </params>
          <reporter-output>
          </reporter-output>
        </test-method> <!-- runScenario -->
        <test-method signature="runScenario(io.cucumber.testng.PickleWrapper,io.cucumber.testng.FeatureWrapper)[pri:0, instance:runner.TestRunner@3af9c5b7]" started-at="2025-02-02T16:07:15 GMT" name="runScenario" description="Runs Cucumber Scenarios" data-provider="scenarios" finished-at="2025-02-02T16:07:33 GMT" duration-ms="17806" status="PASS">
          <params>
            <param index="0">
              <value>
                <![CDATA["Checking eligibility for NHS costs online service help for Northern Ireland user"]]>
              </value>
            </param>
            <param index="1">
              <value>
                <![CDATA["NHS costs online service checker tool"]]>
              </value>
            </param>
          </params>
          <reporter-output>
          </reporter-output>
        </test-method> <!-- runScenario -->
        <test-method signature="runScenario(io.cucumber.testng.PickleWrapper,io.cucumber.testng.FeatureWrapper)[pri:0, instance:runner.TestRunner@3af9c5b7]" started-at="2025-02-02T16:07:33 GMT" name="runScenario" description="Runs Cucumber Scenarios" data-provider="scenarios" finished-at="2025-02-02T16:08:14 GMT" duration-ms="41540" status="PASS">
          <params>
            <param index="0">
              <value>
                <![CDATA["NHS Costs online Checker with different user circumstances"]]>
              </value>
            </param>
            <param index="1">
              <value>
                <![CDATA["NHS costs online service checker tool"]]>
              </value>
            </param>
          </params>
          <reporter-output>
          </reporter-output>
        </test-method> <!-- runScenario -->
        <test-method signature="runScenario(io.cucumber.testng.PickleWrapper,io.cucumber.testng.FeatureWrapper)[pri:0, instance:runner.TestRunner@3af9c5b7]" started-at="2025-02-02T16:08:14 GMT" name="runScenario" description="Runs Cucumber Scenarios" data-provider="scenarios" finished-at="2025-02-02T16:08:56 GMT" duration-ms="41829" status="PASS">
          <params>
            <param index="0">
              <value>
                <![CDATA["NHS Costs online Checker with different user circumstances"]]>
              </value>
            </param>
            <param index="1">
              <value>
                <![CDATA["NHS costs online service checker tool"]]>
              </value>
            </param>
          </params>
          <reporter-output>
          </reporter-output>
        </test-method> <!-- runScenario -->
        <test-method signature="runScenario(io.cucumber.testng.PickleWrapper,io.cucumber.testng.FeatureWrapper)[pri:0, instance:runner.TestRunner@3af9c5b7]" started-at="2025-02-02T16:08:56 GMT" name="runScenario" description="Runs Cucumber Scenarios" data-provider="scenarios" finished-at="2025-02-02T16:09:31 GMT" duration-ms="34799" status="PASS">
          <params>
            <param index="0">
              <value>
                <![CDATA["NHS Costs online Checker with different user circumstances"]]>
              </value>
            </param>
            <param index="1">
              <value>
                <![CDATA["NHS costs online service checker tool"]]>
              </value>
            </param>
          </params>
          <reporter-output>
          </reporter-output>
        </test-method> <!-- runScenario -->
        <test-method signature="runScenario(io.cucumber.testng.PickleWrapper,io.cucumber.testng.FeatureWrapper)[pri:0, instance:runner.TestRunner@3af9c5b7]" started-at="2025-02-02T16:09:31 GMT" name="runScenario" description="Runs Cucumber Scenarios" data-provider="scenarios" finished-at="2025-02-02T16:10:13 GMT" duration-ms="41558" status="PASS">
          <params>
            <param index="0">
              <value>
                <![CDATA["NHS Costs online Checker with different user circumstances with Diabetes and Care home"]]>
              </value>
            </param>
            <param index="1">
              <value>
                <![CDATA["NHS costs online service checker tool"]]>
              </value>
            </param>
          </params>
          <reporter-output>
          </reporter-output>
        </test-method> <!-- runScenario -->
        <test-method signature="runScenario(io.cucumber.testng.PickleWrapper,io.cucumber.testng.FeatureWrapper)[pri:0, instance:runner.TestRunner@3af9c5b7]" started-at="2025-02-02T16:10:13 GMT" name="runScenario" description="Runs Cucumber Scenarios" data-provider="scenarios" finished-at="2025-02-02T16:10:52 GMT" duration-ms="39151" status="PASS">
          <params>
            <param index="0">
              <value>
                <![CDATA["NHS Costs online Checker with different user circumstances with Diabetes and Care home"]]>
              </value>
            </param>
            <param index="1">
              <value>
                <![CDATA["NHS costs online service checker tool"]]>
              </value>
            </param>
          </params>
          <reporter-output>
          </reporter-output>
        </test-method> <!-- runScenario -->
        <test-method signature="runScenario(io.cucumber.testng.PickleWrapper,io.cucumber.testng.FeatureWrapper)[pri:0, instance:runner.TestRunner@3af9c5b7]" started-at="2025-02-02T16:10:52 GMT" name="runScenario" description="Runs Cucumber Scenarios" data-provider="scenarios" finished-at="2025-02-02T16:11:33 GMT" duration-ms="41684" status="PASS">
          <params>
            <param index="0">
              <value>
                <![CDATA["NHS Costs online Checker with different user circumstances with Diabetes and Care home"]]>
              </value>
            </param>
            <param index="1">
              <value>
                <![CDATA["NHS costs online service checker tool"]]>
              </value>
            </param>
          </params>
          <reporter-output>
          </reporter-output>
        </test-method> <!-- runScenario -->
        <test-method signature="runScenario(io.cucumber.testng.PickleWrapper,io.cucumber.testng.FeatureWrapper)[pri:0, instance:runner.TestRunner@3af9c5b7]" started-at="2025-02-02T16:11:33 GMT" name="runScenario" description="Runs Cucumber Scenarios" data-provider="scenarios" finished-at="2025-02-02T16:12:13 GMT" duration-ms="39603" status="PASS">
          <params>
            <param index="0">
              <value>
                <![CDATA["NHS Costs online Checker with different user circumstances with Diabetes and Care home"]]>
              </value>
            </param>
            <param index="1">
              <value>
                <![CDATA["NHS costs online service checker tool"]]>
              </value>
            </param>
          </params>
          <reporter-output>
          </reporter-output>
        </test-method> <!-- runScenario -->
        <test-method signature="runScenario(io.cucumber.testng.PickleWrapper,io.cucumber.testng.FeatureWrapper)[pri:0, instance:runner.TestRunner@3af9c5b7]" started-at="2025-02-02T16:12:13 GMT" name="runScenario" description="Runs Cucumber Scenarios" data-provider="scenarios" finished-at="2025-02-02T16:12:59 GMT" duration-ms="46089" status="PASS">
          <params>
            <param index="0">
              <value>
                <![CDATA["Checking eligibility for NHS costs online service help in multiple browser"]]>
              </value>
            </param>
            <param index="1">
              <value>
                <![CDATA["NHS costs online service checker tool"]]>
              </value>
            </param>
          </params>
          <reporter-output>
          </reporter-output>
        </test-method> <!-- runScenario -->
        <test-method signature="runScenario(io.cucumber.testng.PickleWrapper,io.cucumber.testng.FeatureWrapper)[pri:0, instance:runner.TestRunner@3af9c5b7]" started-at="2025-02-02T16:12:59 GMT" name="runScenario" description="Runs Cucumber Scenarios" data-provider="scenarios" finished-at="2025-02-02T16:13:53 GMT" duration-ms="53416" status="PASS">
          <params>
            <param index="0">
              <value>
                <![CDATA["Checking eligibility for NHS costs online service help in multiple browser"]]>
              </value>
            </param>
            <param index="1">
              <value>
                <![CDATA["NHS costs online service checker tool"]]>
              </value>
            </param>
          </params>
          <reporter-output>
          </reporter-output>
        </test-method> <!-- runScenario -->
        <test-method is-config="true" signature="tearDownClass()[pri:0, instance:runner.TestRunner@3af9c5b7]" started-at="2025-02-02T16:13:53 GMT" name="tearDownClass" finished-at="2025-02-02T16:13:53 GMT" duration-ms="31" status="PASS">
          <reporter-output>
          </reporter-output>
        </test-method> <!-- tearDownClass -->
      </class> <!-- runner.TestRunner -->
    </test> <!-- Default test -->
  </suite> <!-- Default suite -->
</testng-results>
